<?xml version="1.0" encoding="UTF-8"?>
<!-- Generated by org.testng.reporters.JUnitReportReporter -->
<testsuite hostname="mdmislam" name="Framework.AppTest" tests="1" failures="0" timestamp="20 Sep 2018 11:24:00 GMT" time="11.885" errors="0">
  <testcase name="Test" time="11.885" classname="Framework.AppTest"/>
</testsuite> <!-- Framework.AppTest -->
