<?xml version="1.0" encoding="UTF-8"?>
<!-- Generated by org.testng.reporters.JUnitReportReporter -->
<testsuite hostname="mdmislam" name="Framework.base" tests="1" failures="0" timestamp="19 Sep 2018 14:37:19 GMT" time="19.964" errors="0">
  <testcase name="Test" time="19.964" classname="Framework.base"/>
</testsuite> <!-- Framework.base -->
